<?xml version="1.0" encoding="UTF-8"?>
<!-- Generated by org.testng.reporters.JUnitXMLReporter -->
<testsuite ignored="0" hostname="SUMIT" failures="0" tests="3" name="Default test" time="21.51" errors="0" timestamp="2021-06-11T07:13:14 IST">
  <testcase classname="restAssuredTests.simpleAPITest.APITests" name="EvaluateJsonPath" time="20.222"/>
  <testcase classname="restAssuredTests.simpleAPITest.APITests" name="testFirstNameAndLastName" time="0.244"/>
  <testcase classname="restAssuredTests.simpleAPITest.APITests" name="testPOSTRequest" time="0.881"/>
</testsuite> <!-- Default test -->
