<?xml version="1.0" encoding="UTF-8"?>
<testng-results ignored="0" total="3" passed="3" failed="0" skipped="0">
  <reporter-output>
  </reporter-output>
  <suite started-at="2021-06-11T07:12:51 IST" name="Default suite" finished-at="2021-06-11T07:13:13 IST" duration-ms="21510">
    <groups>
    </groups>
    <test started-at="2021-06-11T07:12:51 IST" name="Default test" finished-at="2021-06-11T07:13:13 IST" duration-ms="21510">
      <class name="restAssuredTests.simpleAPITest.APITests">
        <test-method signature="EvaluateJsonPath()[pri:0, instance:restAssuredTests.simpleAPITest.APITests@17497425]" started-at="2021-06-11T07:12:51 IST" name="EvaluateJsonPath" finished-at="2021-06-11T07:13:11 IST" duration-ms="20222" status="PASS">
          <reporter-output>
          </reporter-output>
        </test-method> <!-- EvaluateJsonPath -->
        <test-method signature="testFirstNameAndLastName()[pri:0, instance:restAssuredTests.simpleAPITest.APITests@17497425]" started-at="2021-06-11T07:13:12 IST" name="testFirstNameAndLastName" finished-at="2021-06-11T07:13:12 IST" duration-ms="244" status="PASS">
          <reporter-output>
          </reporter-output>
        </test-method> <!-- testFirstNameAndLastName -->
        <test-method signature="testPOSTRequest()[pri:0, instance:restAssuredTests.simpleAPITest.APITests@17497425]" started-at="2021-06-11T07:13:12 IST" name="testPOSTRequest" finished-at="2021-06-11T07:13:13 IST" duration-ms="881" status="PASS">
          <reporter-output>
          </reporter-output>
        </test-method> <!-- testPOSTRequest -->
      </class> <!-- restAssuredTests.simpleAPITest.APITests -->
    </test> <!-- Default test -->
  </suite> <!-- Default suite -->
</testng-results>
